[HTTP] Binding to address: :1080
Creating API v1 with WebPath: 
Creating API v2 with WebPath: 
[APIv1] KEEPALIVE /api/v1/events
[APIv1] KEEPALIVE /api/v1/events
[APIv1] KEEPALIVE /api/v1/events
Got message in APIv2 websocket channel
[APIv2] BROADCAST /api/v2/websocket
Got message in APIv1 event stream
Sending content: {
  "ID": "OjLiZ_Pk2bo3ETxokRODnbutRtiy_xrfIfj3uZiivmg=@mailhog.example",
  "From": {
    "Relays": null,
    "Mailbox": "www-data",
    "Domain": "26be0f9ba05f",
    "Params": ""
  },
  "To": [
    {
      "Relays": null,
      "Mailbox": "mailhog",
      "Domain": "flywheel.local",
      "Params": ""
    }
  ],
  "Content": {
    "Headers": {
      "Content-Type": [
        "text/plain; charset=UTF-8"
      ],
      "Date": [
        "Sat, 21 Apr 2018 09:43:29 +0000"
      ],
      "From": [
        "WordPress \u003cwordpress@ourlivers.local\u003e"
      ],
      "MIME-Version": [
        "1.0"
      ],
      "Message-ID": [
        "\u003cfbe099717ead433dee538ea2d23769ce@ourlivers.local\u003e"
      ],
      "Received": [
        "from localhost by mailhog.example (MailHog)\r\n          id OjLiZ_Pk2bo3ETxokRODnbutRtiy_xrfIfj3uZiivmg=@mailhog.example; Sat, 21 Apr 2018 09:43:29 +0000"
      ],
      "Return-Path": [
        "\u003cwww-data@26be0f9ba05f\u003e"
      ],
      "Subject": [
        "[our-livers] New User Registration"
      ],
      "To": [
        "ren7722c@gmail.com"
      ],
      "X-Mailer": [
        "PHPMailer 5.2.22 (https://github.com/PHPMailer/PHPMailer)"
      ],
      "X-PHP-Originating-Script": [
        "1000:class-phpmailer.php"
      ]
    },
    "Body": "New user registration on your site our-livers:\r\n\r\nUsername: Loracy\r\n\r\nEmail: lora860227@gmail.com\r\n",
    "Size": 499,
    "MIME": null
  },
  "Created": "2018-04-21T09:43:29.182359074Z",
  "MIME": null,
  "Raw": {
    "From": "www-data@26be0f9ba05f",
    "To": [
      "mailhog@flywheel.local"
    ],
    "Data": "To: ren7722c@gmail.com\r\nSubject: [our-livers] New User Registration\r\nX-PHP-Originating-Script: 1000:class-phpmailer.php\r\nDate: Sat, 21 Apr 2018 09:43:29 +0000\r\nFrom: WordPress \u003cwordpress@ourlivers.local\u003e\r\nMessage-ID: \u003cfbe099717ead433dee538ea2d23769ce@ourlivers.local\u003e\r\nX-Mailer: PHPMailer 5.2.22 (https://github.com/PHPMailer/PHPMailer)\r\nMIME-Version: 1.0\r\nContent-Type: text/plain; charset=UTF-8\r\n\r\nNew user registration on your site our-livers:\r\n\r\nUsername: Loracy\r\n\r\nEmail: lora860227@gmail.com\r\n",
    "Helo": "localhost"
  }
}

[APIv1] BROADCAST /api/v1/events
Got message in APIv2 websocket channel
[APIv2] BROADCAST /api/v2/websocket
Got message in APIv1 event stream
Sending content: {
  "ID": "lHF5JWqqbh27gZVDqX5Aq5Nl2WEa8B2YuSGym4jBclw=@mailhog.example",
  "From": {
    "Relays": null,
    "Mailbox": "www-data",
    "Domain": "26be0f9ba05f",
    "Params": ""
  },
  "To": [
    {
      "Relays": null,
      "Mailbox": "mailhog",
      "Domain": "flywheel.local",
      "Params": ""
    }
  ],
  "Content": {
    "Headers": {
      "Content-Type": [
        "text/plain; charset=UTF-8"
      ],
      "Date": [
        "Sat, 21 Apr 2018 09:43:29 +0000"
      ],
      "From": [
        "WordPress \u003cwordpress@ourlivers.local\u003e"
      ],
      "MIME-Version": [
        "1.0"
      ],
      "Message-ID": [
        "\u003cc77368777b7fecb3da45c0d7e0ba297a@ourlivers.local\u003e"
      ],
      "Received": [
        "from localhost by mailhog.example (MailHog)\r\n          id lHF5JWqqbh27gZVDqX5Aq5Nl2WEa8B2YuSGym4jBclw=@mailhog.example; Sat, 21 Apr 2018 09:43:29 +0000"
      ],
      "Return-Path": [
        "\u003cwww-data@26be0f9ba05f\u003e"
      ],
      "Subject": [
        "[our-livers] Your username and password info"
      ],
      "To": [
        "lora860227@gmail.com"
      ],
      "X-Mailer": [
        "PHPMailer 5.2.22 (https://github.com/PHPMailer/PHPMailer)"
      ],
      "X-PHP-Originating-Script": [
        "1000:class-phpmailer.php"
      ]
    },
    "Body": "Username: Loracy\r\n\r\nTo set your password, visit the following address:\r\n\r\n\u003chttp://ourlivers.local/wp-login.php?action=rp\u0026key=G7vDjm6AxDcUk9HHPbTR\u0026login=Loracy\u003e\r\n\r\nhttp://ourlivers.local/wp-login.php\r\n",
    "Size": 612,
    "MIME": null
  },
  "Created": "2018-04-21T09:43:29.198528437Z",
  "MIME": null,
  "Raw": {
    "From": "www-data@26be0f9ba05f",
    "To": [
      "mailhog@flywheel.local"
    ],
    "Data": "To: lora860227@gmail.com\r\nSubject: [our-livers] Your username and password info\r\nX-PHP-Originating-Script: 1000:class-phpmailer.php\r\nDate: Sat, 21 Apr 2018 09:43:29 +0000\r\nFrom: WordPress \u003cwordpress@ourlivers.local\u003e\r\nMessage-ID: \u003cc77368777b7fecb3da45c0d7e0ba297a@ourlivers.local\u003e\r\nX-Mailer: PHPMailer 5.2.22 (https://github.com/PHPMailer/PHPMailer)\r\nMIME-Version: 1.0\r\nContent-Type: text/plain; charset=UTF-8\r\n\r\nUsername: Loracy\r\n\r\nTo set your password, visit the following address:\r\n\r\n\u003chttp://ourlivers.local/wp-login.php?action=rp\u0026key=G7vDjm6AxDcUk9HHPbTR\u0026login=Loracy\u003e\r\n\r\nhttp://ourlivers.local/wp-login.php\r\n",
    "Helo": "localhost"
  }
}

[APIv1] BROADCAST /api/v1/events
[APIv1] KEEPALIVE /api/v1/events
[APIv1] KEEPALIVE /api/v1/events
[APIv1] KEEPALIVE /api/v1/events
[APIv1] KEEPALIVE /api/v1/events
